[18:24:48] INFO hismart POST https://user-field-eu.aylanetworks.com/users/sign_in.json
[18:24:48] DEBUG hismart Login body: user.email=d.davidozzo@gmail.com app_id=Hisense-mw-id
[18:24:49] INFO hismart Login OK. Token expires in 86400s
[18:24:49] INFO hismart Scanning WiFi networks...
[18:24:52] INFO hismart Found 10 total networks, 1 Hisense device(s)
[18:24:52] INFO hismart   Device: HiSmart-01-ca2c4f956487 (signal: 100%)
[18:24:52] INFO hismart Connecting to device hotspot: HiSmart-01-ca2c4f956487 (timeout=20s)
[18:24:52] INFO hismart Connecting to WiFi: HiSmart-01-ca2c4f956487 (has password: False, timeout: 20s)
[18:24:52] DEBUG hismart netsh add profile: Profilo opencode_temp_HiSmart-01-ca2c4f956487 aggiunto all'interfaccia Wi-Fi.
[18:24:53] DEBUG hismart netsh connect: Richiesta di connessione completata.
[18:24:53] INFO hismart Successfully connected to HiSmart-01-ca2c4f956487
[18:24:53] INFO hismart Connected to device HiSmart-01-ca2c4f956487
[18:24:56] WARNING hismart Could not detect gateway IP, using default 192.168.0.1
[18:24:59] INFO hismart Fetching device info: http://192.168.0.1/status.json
[18:25:00] INFO hismart Device status response: {'DSN': 'AC000W011914165', 'dsn': 'AC000W011914165', 'model': 'AY008RTK1', 'api_version': '1.0', 'device_service': 'Smart-1-110-eu-483519e9-device.aylanetworks.com', 'mac': 'ca:2c:4f:95:64:87', 'last_connect_mtime': 0, 'mtime': 2357009, 'version': 'ADA-ameba 1.4.3-beta', 'build': 'ADA 1.4.3-beta ameba 2018-03-28 19:20:06 8f40fe89d', 'features': ['rsa-ke']}
[18:25:00] INFO hismart Device DSN: AC000W011914165
[18:25:01] INFO hismart Device status (non-secure): {'DSN': 'AC000W011914165', 'dsn': 'AC000W011914165', 'model': 'AY008RTK1', 'api_version': '1.0', 'device_service': 'Smart-1-110-eu-483519e9-device.aylanetworks.com', 'mac': 'ca:2c:4f:95:64:87', 'last_connect_mtime': 0, 'mtime': 2358041, 'version': 'ADA-ameba 1.4.3-beta', 'build': 'ADA 1.4.3-beta ameba 2018-03-28 19:20:06 8f40fe89d', 'features': ['rsa-ke']}
[18:25:01] INFO hismart Got DSN from non-secure status: AC000W011914165
[18:25:01] INFO hismart Sending credentials to device: http://192.168.0.1/local_lan/connect_status
[18:25:01] DEBUG hismart Connect body: ssid=FASTWEB-Z7EUHL setup_token=Jx3DBzWZ key=***
